\BOOKMARK [1][-]{section.1}{How To Use This Cookbook}{}% 1
\BOOKMARK [1][-]{section.2}{Data Engineer vs Data Scientists}{}% 2
\BOOKMARK [2][-]{subsection.2.1}{Data Scientist}{section.2}% 3
\BOOKMARK [2][-]{subsection.2.2}{Data Engineer}{section.2}% 4
\BOOKMARK [2][-]{subsection.2.3}{Who Companies Need}{section.2}% 5
\BOOKMARK [1][-]{section.3}{Data Engineering Example}{}% 6
\BOOKMARK [1][-]{section.4}{Building A Data Platform}{}% 7
\BOOKMARK [2][-]{subsection.4.1}{Lambda Architecture}{section.4}% 8
\BOOKMARK [3][-]{subsubsection.4.1.1}{Batch Processing}{subsection.4.1}% 9
\BOOKMARK [3][-]{subsubsection.4.1.2}{Stream Processing}{subsection.4.1}% 10
\BOOKMARK [2][-]{subsection.4.2}{My Big Data Platform Blueprint}{section.4}% 11
\BOOKMARK [3][-]{subsubsection.4.2.1}{Ingest}{subsection.4.2}% 12
\BOOKMARK [3][-]{subsubsection.4.2.2}{Analyse / Process}{subsection.4.2}% 13
\BOOKMARK [3][-]{subsubsection.4.2.3}{Store}{subsection.4.2}% 14
\BOOKMARK [3][-]{subsubsection.4.2.4}{Display}{subsection.4.2}% 15
\BOOKMARK [2][-]{subsection.4.3}{Lambda Architecture Alternative}{section.4}% 16
\BOOKMARK [3][-]{subsubsection.4.3.1}{Kappa Architecture}{subsection.4.3}% 17
\BOOKMARK [3][-]{subsubsection.4.3.2}{Kappa Architecture with Kudu}{subsection.4.3}% 18
\BOOKMARK [2][-]{subsection.4.4}{Thoughts On Choosing The Target Environment}{section.4}% 19
\BOOKMARK [3][-]{subsubsection.4.4.1}{Cloud vs On-Premise}{subsection.4.4}% 20
\BOOKMARK [3][-]{subsubsection.4.4.2}{Cloud Native or Independent Vendors}{subsection.4.4}% 21
\BOOKMARK [2][-]{subsection.4.5}{Thoughts On Choosing A Development Environment}{section.4}% 22
\BOOKMARK [3][-]{subsubsection.4.5.1}{Cloud As Dev Environment}{subsection.4.5}% 23
\BOOKMARK [3][-]{subsubsection.4.5.2}{Local Dev Environment}{subsection.4.5}% 24
\BOOKMARK [1][-]{section.5}{Data Architecture}{}% 25
\BOOKMARK [2][-]{subsection.5.1}{Source Data}{section.5}% 26
\BOOKMARK [2][-]{subsection.5.2}{Analytics Requirements For Streaming}{section.5}% 27
\BOOKMARK [2][-]{subsection.5.3}{Analytics Requirements For Batch Processing}{section.5}% 28
\BOOKMARK [2][-]{subsection.5.4}{Data Visualization}{section.5}% 29
\BOOKMARK [1][-]{section.6}{Milestone 1 | Tool Decisions}{}% 30
\BOOKMARK [1][-]{section.7}{Basic Data Engineering Skills}{}% 31
\BOOKMARK [2][-]{subsection.7.1}{Coding Basics}{section.7}% 32
\BOOKMARK [2][-]{subsection.7.2}{Learn To Use GitHub | available}{section.7}% 33
\BOOKMARK [2][-]{subsection.7.3}{Agile Development \205 available}{section.7}% 34
\BOOKMARK [3][-]{subsubsection.7.3.1}{Agile rules I learned over the years \205 available}{subsection.7.3}% 35
\BOOKMARK [3][-]{subsubsection.7.3.2}{Scrum}{subsection.7.3}% 36
\BOOKMARK [3][-]{subsubsection.7.3.3}{OKR}{subsection.7.3}% 37
\BOOKMARK [2][-]{subsection.7.4}{Learn how a Computer Works}{section.7}% 38
\BOOKMARK [3][-]{subsubsection.7.4.1}{CPU,RAM,GPU,HDD}{subsection.7.4}% 39
\BOOKMARK [3][-]{subsubsection.7.4.2}{Differences between PCs and Servers}{subsection.7.4}% 40
\BOOKMARK [2][-]{subsection.7.5}{Computer Networking}{section.7}% 41
\BOOKMARK [3][-]{subsubsection.7.5.1}{ISO/OSI Model}{subsection.7.5}% 42
\BOOKMARK [3][-]{subsubsection.7.5.2}{IP Subnetting}{subsection.7.5}% 43
\BOOKMARK [3][-]{subsubsection.7.5.3}{Switch, Level 3 Switch}{subsection.7.5}% 44
\BOOKMARK [3][-]{subsubsection.7.5.4}{Router}{subsection.7.5}% 45
\BOOKMARK [3][-]{subsubsection.7.5.5}{Firewalls}{subsection.7.5}% 46
\BOOKMARK [2][-]{subsection.7.6}{Security and Privacy}{section.7}% 47
\BOOKMARK [3][-]{subsubsection.7.6.1}{SSL Public \046 Private Key Certificates}{subsection.7.6}% 48
\BOOKMARK [3][-]{subsubsection.7.6.2}{What is a certificate authority}{subsection.7.6}% 49
\BOOKMARK [3][-]{subsubsection.7.6.3}{JAva Web Tokens}{subsection.7.6}% 50
\BOOKMARK [3][-]{subsubsection.7.6.4}{GDPR regulations}{subsection.7.6}% 51
\BOOKMARK [3][-]{subsubsection.7.6.5}{Privacy by design}{subsection.7.6}% 52
\BOOKMARK [2][-]{subsection.7.7}{Linux}{section.7}% 53
\BOOKMARK [3][-]{subsubsection.7.7.1}{OS Basics}{subsection.7.7}% 54
\BOOKMARK [3][-]{subsubsection.7.7.2}{Shell scripting}{subsection.7.7}% 55
\BOOKMARK [3][-]{subsubsection.7.7.3}{Cron jobs}{subsection.7.7}% 56
\BOOKMARK [3][-]{subsubsection.7.7.4}{Packet management}{subsection.7.7}% 57
\BOOKMARK [2][-]{subsection.7.8}{The Cloud}{section.7}% 58
\BOOKMARK [3][-]{subsubsection.7.8.1}{AWS,Azure, IBM, Google Cloud basics}{subsection.7.8}% 59
\BOOKMARK [3][-]{subsubsection.7.8.2}{cloud vs on premise}{subsection.7.8}% 60
\BOOKMARK [3][-]{subsubsection.7.8.3}{up \046 downsides}{subsection.7.8}% 61
\BOOKMARK [3][-]{subsubsection.7.8.4}{Security}{subsection.7.8}% 62
\BOOKMARK [2][-]{subsection.7.9}{Security Zone Design}{section.7}% 63
\BOOKMARK [3][-]{subsubsection.7.9.1}{How to secure a multi layered application}{subsection.7.9}% 64
\BOOKMARK [3][-]{subsubsection.7.9.2}{Cluster security with Kerberos}{subsection.7.9}% 65
\BOOKMARK [3][-]{subsubsection.7.9.3}{Kerberos Tickets}{subsection.7.9}% 66
\BOOKMARK [2][-]{subsection.7.10}{Three methods of streaming | available}{section.7}% 67
\BOOKMARK [2][-]{subsection.7.11}{Big Data}{section.7}% 68
\BOOKMARK [3][-]{subsubsection.7.11.1}{What is big data and where is the difference to data science and data analytics?}{subsection.7.11}% 69
\BOOKMARK [3][-]{subsubsection.7.11.2}{The 4Vs of Big Data | available}{subsection.7.11}% 70
\BOOKMARK [3][-]{subsubsection.7.11.3}{Why Big Data? | available}{subsection.7.11}% 71
\BOOKMARK [3][-]{subsubsection.7.11.4}{What are the tools associated?}{subsection.7.11}% 72
\BOOKMARK [2][-]{subsection.7.12}{What is the difference between a Data Warehouse and a Data Lake}{section.7}% 73
\BOOKMARK [2][-]{subsection.7.13}{Hadoop Platforms | available}{section.7}% 74
\BOOKMARK [3][-]{subsubsection.7.13.1}{What makes Hadoop so popular? | available}{subsection.7.13}% 75
\BOOKMARK [3][-]{subsubsection.7.13.2}{How does a Hadoop System architecture look like}{subsection.7.13}% 76
\BOOKMARK [3][-]{subsubsection.7.13.3}{What tools are usually in a with Hadoop Cluster}{subsection.7.13}% 77
\BOOKMARK [3][-]{subsubsection.7.13.4}{How to select Hadoop Cluster Hardware}{subsection.7.13}% 78
\BOOKMARK [2][-]{subsection.7.14}{Is ETL still relevant for Analytics?}{section.7}% 79
\BOOKMARK [2][-]{subsection.7.15}{Docker}{section.7}% 80
\BOOKMARK [3][-]{subsubsection.7.15.1}{What is docker and what do you use it for | available}{subsection.7.15}% 81
\BOOKMARK [3][-]{subsubsection.7.15.2}{How to create, start,stop a Container}{subsection.7.15}% 82
\BOOKMARK [3][-]{subsubsection.7.15.3}{Docker micro services?}{subsection.7.15}% 83
\BOOKMARK [3][-]{subsubsection.7.15.4}{Kubernetes}{subsection.7.15}% 84
\BOOKMARK [3][-]{subsubsection.7.15.5}{Why and how to do Docker container orchestration}{subsection.7.15}% 85
\BOOKMARK [2][-]{subsection.7.16}{REST APIs}{section.7}% 86
\BOOKMARK [3][-]{subsubsection.7.16.1}{HTTP Post/Get}{subsection.7.16}% 87
\BOOKMARK [3][-]{subsubsection.7.16.2}{API Design}{subsection.7.16}% 88
\BOOKMARK [3][-]{subsubsection.7.16.3}{Implementation}{subsection.7.16}% 89
\BOOKMARK [3][-]{subsubsection.7.16.4}{OAuth security}{subsection.7.16}% 90
\BOOKMARK [2][-]{subsection.7.17}{Data Modeling}{section.7}% 91
\BOOKMARK [3][-]{subsubsection.7.17.1}{How to find out how you need to store data for the business case}{subsection.7.17}% 92
\BOOKMARK [3][-]{subsubsection.7.17.2}{How to decide what kind of storage you need to use}{subsection.7.17}% 93
\BOOKMARK [2][-]{subsection.7.18}{SQL Databases}{section.7}% 94
\BOOKMARK [2][-]{subsection.7.19}{NoSQL Stores}{section.7}% 95
\BOOKMARK [3][-]{subsubsection.7.19.1}{KeyValue Stores \(HBase\)}{subsection.7.19}% 96
\BOOKMARK [3][-]{subsubsection.7.19.2}{Document Store HDFS | available}{subsection.7.19}% 97
\BOOKMARK [3][-]{subsubsection.7.19.3}{Document Store MongoDB}{subsection.7.19}% 98
\BOOKMARK [3][-]{subsubsection.7.19.4}{Hive Warehouse}{subsection.7.19}% 99
\BOOKMARK [3][-]{subsubsection.7.19.5}{Impala}{subsection.7.19}% 100
\BOOKMARK [3][-]{subsubsection.7.19.6}{Kudu}{subsection.7.19}% 101
\BOOKMARK [3][-]{subsubsection.7.19.7}{Time Series Databases}{subsection.7.19}% 102
\BOOKMARK [3][-]{subsubsection.7.19.8}{MPP Databases \(Greenplum\)}{subsection.7.19}% 103
\BOOKMARK [2][-]{subsection.7.20}{MapReduce \205 available}{section.7}% 104
\BOOKMARK [2][-]{subsection.7.21}{Apache Spark}{section.7}% 105
\BOOKMARK [3][-]{subsubsection.7.21.1}{Spark Basics}{subsection.7.21}% 106
\BOOKMARK [2][-]{subsection.7.22}{Apache Kafka}{section.7}% 107
\BOOKMARK [2][-]{subsection.7.23}{Machine Learning}{section.7}% 108
\BOOKMARK [2][-]{subsection.7.24}{Data Visualization}{section.7}% 109
\BOOKMARK [3][-]{subsubsection.7.24.1}{Mobile Apps}{subsection.7.24}% 110
\BOOKMARK [3][-]{subsubsection.7.24.2}{How to use Webservers to display content}{subsection.7.24}% 111
\BOOKMARK [3][-]{subsubsection.7.24.3}{Business Intelligence Tools}{subsection.7.24}% 112
\BOOKMARK [3][-]{subsubsection.7.24.4}{Identity \046 Device Management}{subsection.7.24}% 113
\BOOKMARK [1][-]{section.8}{Case Studies}{}% 114
\BOOKMARK [2][-]{subsection.8.1}{7 Steps to Successfull Data Science Project}{section.8}% 115
\BOOKMARK [2][-]{subsection.8.2}{Data Science @Airbnb}{section.8}% 116
\BOOKMARK [2][-]{subsection.8.3}{Data Sciecne @Baidu}{section.8}% 117
\BOOKMARK [2][-]{subsection.8.4}{Data Sciecne @Blackrock}{section.8}% 118
\BOOKMARK [2][-]{subsection.8.5}{Data Sciecne @BMW}{section.8}% 119
\BOOKMARK [2][-]{subsection.8.6}{Data Sciecne @Booking.com}{section.8}% 120
\BOOKMARK [2][-]{subsection.8.7}{Data Sciecne @CERN}{section.8}% 121
\BOOKMARK [2][-]{subsection.8.8}{Data Sciecne @Disney}{section.8}% 122
\BOOKMARK [2][-]{subsection.8.9}{Data Sciecne @Drivetribe}{section.8}% 123
\BOOKMARK [2][-]{subsection.8.10}{Data Sciecne @Dropbox}{section.8}% 124
\BOOKMARK [2][-]{subsection.8.11}{Data Sciecne @Ebay}{section.8}% 125
\BOOKMARK [2][-]{subsection.8.12}{Data Sciecne @Expedia}{section.8}% 126
\BOOKMARK [2][-]{subsection.8.13}{Data Sciecne @Facebook}{section.8}% 127
\BOOKMARK [2][-]{subsection.8.14}{Data Sciecne @@Grammarly}{section.8}% 128
\BOOKMARK [2][-]{subsection.8.15}{Data Sciecne @ING Fraud}{section.8}% 129
\BOOKMARK [2][-]{subsection.8.16}{Data Sciecne @Instagram}{section.8}% 130
\BOOKMARK [2][-]{subsection.8.17}{Data Sciecne @LinkedIn}{section.8}% 131
\BOOKMARK [2][-]{subsection.8.18}{Data Sciecne @Lyft}{section.8}% 132
\BOOKMARK [2][-]{subsection.8.19}{Data Sciecne @NASA}{section.8}% 133
\BOOKMARK [2][-]{subsection.8.20}{Data Science @Netflix \205 available}{section.8}% 134
\BOOKMARK [2][-]{subsection.8.21}{Data Sciecne @OTTO}{section.8}% 135
\BOOKMARK [2][-]{subsection.8.22}{Data Sciecne @Paypal}{section.8}% 136
\BOOKMARK [2][-]{subsection.8.23}{Data Sciecne @Pinterest}{section.8}% 137
\BOOKMARK [2][-]{subsection.8.24}{Data Sciecne @Salesforce}{section.8}% 138
\BOOKMARK [2][-]{subsection.8.25}{Data Sciecne @Slack}{section.8}% 139
\BOOKMARK [2][-]{subsection.8.26}{Data Sciecne @Spotify}{section.8}% 140
\BOOKMARK [2][-]{subsection.8.27}{Data Sciecne @Symantec}{section.8}% 141
\BOOKMARK [2][-]{subsection.8.28}{Data Science @Tinder}{section.8}% 142
\BOOKMARK [2][-]{subsection.8.29}{Data Science @Twitter}{section.8}% 143
\BOOKMARK [2][-]{subsection.8.30}{Data Science @Uber}{section.8}% 144
\BOOKMARK [2][-]{subsection.8.31}{Data Science @Upwork}{section.8}% 145
\BOOKMARK [2][-]{subsection.8.32}{Data Sciecne @Woot}{section.8}% 146
\BOOKMARK [2][-]{subsection.8.33}{Data Sciecne @Zalando}{section.8}% 147
