This is pdfTeX, Version 3.14159265-2.6-1.40.19 (TeX Live 2018) (preloaded format=pdflatex 2018.11.25)  1 MAY 2019 22:00
entering extended mode
 restricted \write18 enabled.
 file:line:error style messages enabled.
 %&-line parsing enabled.
**Previewmaker.tex
(./Previewmaker.tex
LaTeX2e <2018-04-01> patch level 2
Babel <3.18> and hyphenation patterns for 84 language(s) loaded.
(/usr/local/texlive/2018/texmf-dist/tex/latex/base/article.cls
Document Class: article 2014/09/29 v1.4h Standard LaTeX document class
(/usr/local/texlive/2018/texmf-dist/tex/latex/base/size10.clo
File: size10.clo 2014/09/29 v1.4h Standard LaTeX file (size option)
)
\c@part=\count80
\c@section=\count81
\c@subsection=\count82
\c@subsubsection=\count83
\c@paragraph=\count84
\c@subparagraph=\count85
\c@figure=\count86
\c@table=\count87
\abovecaptionskip=\skip41
\belowcaptionskip=\skip42
\bibindent=\dimen102
)
(/usr/local/texlive/2018/texmf-dist/tex/latex/pdfpages/pdfpages.sty
Package: pdfpages 2017/10/31 v0.5l Insert pages of external PDF documents (AM)

(/usr/local/texlive/2018/texmf-dist/tex/latex/base/ifthen.sty
Package: ifthen 2014/09/29 v1.1c Standard LaTeX ifthen package (DPC)
)
(/usr/local/texlive/2018/texmf-dist/tex/latex/tools/calc.sty
Package: calc 2017/05/25 v4.3 Infix arithmetic (KKT,FJ)
\calc@Acount=\count88
\calc@Bcount=\count89
\calc@Adimen=\dimen103
\calc@Bdimen=\dimen104
\calc@Askip=\skip43
\calc@Bskip=\skip44
LaTeX Info: Redefining \setlength on input line 80.
LaTeX Info: Redefining \addtolength on input line 81.
\calc@Ccount=\count90
\calc@Cskip=\skip45
)
(/usr/local/texlive/2018/texmf-dist/tex/latex/eso-pic/eso-pic.sty
Package: eso-pic 2015/07/21 v2.0g eso-pic (RN)

(/usr/local/texlive/2018/texmf-dist/tex/generic/oberdiek/atbegshi.sty
Package: atbegshi 2016/06/09 v1.18 At begin shipout hook (HO)

(/usr/local/texlive/2018/texmf-dist/tex/generic/oberdiek/infwarerr.sty
Package: infwarerr 2016/05/16 v1.4 Providing info/warning/error messages (HO)
)
(/usr/local/texlive/2018/texmf-dist/tex/generic/oberdiek/ltxcmds.sty
Package: ltxcmds 2016/05/16 v1.23 LaTeX kernel commands for general use (HO)
)
(/usr/local/texlive/2018/texmf-dist/tex/generic/oberdiek/ifpdf.sty
Package: ifpdf 2017/03/15 v3.2 Provides the ifpdf switch
))
(/usr/local/texlive/2018/texmf-dist/tex/latex/graphics/keyval.sty
Package: keyval 2014/10/28 v1.15 key=value parser (DPC)
\KV@toks@=\toks14
)
(/usr/local/texlive/2018/texmf-dist/tex/latex/xcolor/xcolor.sty
Package: xcolor 2016/05/11 v2.12 LaTeX color extensions (UK)

(/usr/local/texlive/2018/texmf-dist/tex/latex/graphics-cfg/color.cfg
File: color.cfg 2016/01/02 v1.6 sample color configuration
)
Package xcolor Info: Driver file: pdftex.def on input line 225.

(/usr/local/texlive/2018/texmf-dist/tex/latex/graphics-def/pdftex.def
File: pdftex.def 2018/01/08 v1.0l Graphics/color driver for pdftex
)
Package xcolor Info: Model `cmy' substituted by `cmy0' on input line 1348.
Package xcolor Info: Model `hsb' substituted by `rgb' on input line 1352.
Package xcolor Info: Model `RGB' extended on input line 1364.
Package xcolor Info: Model `HTML' substituted by `rgb' on input line 1366.
Package xcolor Info: Model `Hsb' substituted by `hsb' on input line 1367.
Package xcolor Info: Model `tHsb' substituted by `hsb' on input line 1368.
Package xcolor Info: Model `HSB' substituted by `hsb' on input line 1369.
Package xcolor Info: Model `Gray' substituted by `gray' on input line 1370.
Package xcolor Info: Model `wave' substituted by `hsb' on input line 1371.
))
(/usr/local/texlive/2018/texmf-dist/tex/latex/graphics/graphicx.sty
Package: graphicx 2017/06/01 v1.1a Enhanced LaTeX Graphics (DPC,SPQR)

(/usr/local/texlive/2018/texmf-dist/tex/latex/graphics/graphics.sty
Package: graphics 2017/06/25 v1.2c Standard LaTeX Graphics (DPC,SPQR)

(/usr/local/texlive/2018/texmf-dist/tex/latex/graphics/trig.sty
Package: trig 2016/01/03 v1.10 sin cos tan (DPC)
)
(/usr/local/texlive/2018/texmf-dist/tex/latex/graphics-cfg/graphics.cfg
File: graphics.cfg 2016/06/04 v1.11 sample graphics configuration
)
Package graphics Info: Driver file: pdftex.def on input line 99.
)
\Gin@req@height=\dimen105
\Gin@req@width=\dimen106
)
\AM@pagewidth=\dimen107
\AM@pageheight=\dimen108

(/usr/local/texlive/2018/texmf-dist/tex/latex/pdfpages/pppdftex.def
File: pppdftex.def 2017/10/31 v0.5l Pdfpages driver for pdfTeX (AM)
)
\AM@pagebox=\box26
\AM@global@opts=\toks15
\AM@toc@title=\toks16
\c@AM@survey=\count91
\AM@templatesizebox=\box27
)
(./Previewmaker.aux)
\openout1 = `Previewmaker.aux'.

LaTeX Font Info:    Checking defaults for OML/cmm/m/it on input line 3.
LaTeX Font Info:    ... okay on input line 3.
LaTeX Font Info:    Checking defaults for T1/cmr/m/n on input line 3.
LaTeX Font Info:    ... okay on input line 3.
LaTeX Font Info:    Checking defaults for OT1/cmr/m/n on input line 3.
LaTeX Font Info:    ... okay on input line 3.
LaTeX Font Info:    Checking defaults for OMS/cmsy/m/n on input line 3.
LaTeX Font Info:    ... okay on input line 3.
LaTeX Font Info:    Checking defaults for OMX/cmex/m/n on input line 3.
LaTeX Font Info:    ... okay on input line 3.
LaTeX Font Info:    Checking defaults for U/cmr/m/n on input line 3.
LaTeX Font Info:    ... okay on input line 3.
\AtBeginShipoutBox=\box28

(/usr/local/texlive/2018/texmf-dist/tex/context/base/mkii/supp-pdf.mkii
[Loading MPS to PDF converter (version 2006.09.02).]
\scratchcounter=\count92
\scratchdimen=\dimen109
\scratchbox=\box29
\nofMPsegments=\count93
\nofMParguments=\count94
\everyMPshowfont=\toks17
\MPscratchCnt=\count95
\MPscratchDim=\dimen110
\MPnumerator=\count96
\makeMPintoPDFobject=\count97
\everyMPtoPDFconversion=\toks18
) (/usr/local/texlive/2018/texmf-dist/tex/latex/oberdiek/epstopdf-base.sty
Package: epstopdf-base 2016/05/15 v2.6 Base part for package epstopdf

(/usr/local/texlive/2018/texmf-dist/tex/latex/oberdiek/grfext.sty
Package: grfext 2016/05/16 v1.2 Manage graphics extensions (HO)

(/usr/local/texlive/2018/texmf-dist/tex/generic/oberdiek/kvdefinekeys.sty
Package: kvdefinekeys 2016/05/16 v1.4 Define keys (HO)
))
(/usr/local/texlive/2018/texmf-dist/tex/latex/oberdiek/kvoptions.sty
Package: kvoptions 2016/05/16 v3.12 Key value format for package options (HO)

(/usr/local/texlive/2018/texmf-dist/tex/generic/oberdiek/kvsetkeys.sty
Package: kvsetkeys 2016/05/16 v1.17 Key value parser (HO)

(/usr/local/texlive/2018/texmf-dist/tex/generic/oberdiek/etexcmds.sty
Package: etexcmds 2016/05/16 v1.6 Avoid name clashes with e-TeX commands (HO)

(/usr/local/texlive/2018/texmf-dist/tex/generic/oberdiek/ifluatex.sty
Package: ifluatex 2016/05/16 v1.4 Provides the ifluatex switch (HO)
Package ifluatex Info: LuaTeX not detected.
)
Package etexcmds Info: Could not find \expanded.
(etexcmds)             That can mean that you are not using pdfTeX 1.50 or
(etexcmds)             that some package has redefined \expanded.
(etexcmds)             In the latter case, load this package earlier.
)))
(/usr/local/texlive/2018/texmf-dist/tex/generic/oberdiek/pdftexcmds.sty
Package: pdftexcmds 2018/01/30 v0.27 Utility functions of pdfTeX for LuaTeX (HO
)
Package pdftexcmds Info: LuaTeX not detected.
Package pdftexcmds Info: \pdf@primitive is available.
Package pdftexcmds Info: \pdf@ifprimitive is available.
Package pdftexcmds Info: \pdfdraftmode found.
)
Package epstopdf-base Info: Redefining graphics rule for `.eps' on input line 4
38.
Package grfext Info: Graphics extension search list:
(grfext)             [.pdf,.png,.jpg,.mps,.jpeg,.jbig2,.jb2,.PDF,.PNG,.JPG,.JPE
G,.JBIG2,.JB2,.eps]
(grfext)             \AppendGraphicsExtensions on input line 456.

(/usr/local/texlive/2018/texmf-dist/tex/latex/latexconfig/epstopdf-sys.cfg
File: epstopdf-sys.cfg 2010/07/13 v1.3 Configuration of (r)epstopdf for TeX Liv
e
))
(/usr/local/texlive/2018/texmf-dist/tex/latex/oberdiek/pdflscape.sty
Package: pdflscape 2016/05/14 v0.11 Display of landscape pages in PDF (HO)

(/usr/local/texlive/2018/texmf-dist/tex/latex/graphics/lscape.sty
Package: lscape 2000/10/22 v3.01 Landscape Pages (DPC)
)
Package pdflscape Info: Auto-detected driver: pdftex on input line 81.

(/usr/local/texlive/2018/texmf-dist/tex/generic/ifxetex/ifxetex.sty
Package: ifxetex 2010/09/12 v0.6 Provides ifxetex conditional
))
<Data-Engineering-Cookbook.pdf, id=1, 597.50829pt x 845.0471pt>
File: Data-Engineering-Cookbook.pdf Graphic file (type pdf)
<use Data-Engineering-Cookbook.pdf>
Package pdftex.def Info: Data-Engineering-Cookbook.pdf  used on input line 4.
(pdftex.def)             Requested size: 597.50682pt x 845.04504pt.
File: Data-Engineering-Cookbook.pdf Graphic file (type pdf)
<use Data-Engineering-Cookbook.pdf>
Package pdftex.def Info: Data-Engineering-Cookbook.pdf  used on input line 4.
(pdftex.def)             Requested size: 597.50682pt x 845.04504pt.
<Data-Engineering-Cookbook.pdf, id=4, page=2, 597.50829pt x 845.0471pt>
File: Data-Engineering-Cookbook.pdf Graphic file (type pdf)
<use Data-Engineering-Cookbook.pdf, page 2>
Package pdftex.def Info: Data-Engineering-Cookbook.pdf , page2 used on input li
ne 4.
(pdftex.def)             Requested size: 597.50682pt x 845.04504pt.
File: Data-Engineering-Cookbook.pdf Graphic file (type pdf)
<use Data-Engineering-Cookbook.pdf, page 2>
Package pdftex.def Info: Data-Engineering-Cookbook.pdf , page2 used on input li
ne 4.
(pdftex.def)             Requested size: 562.12285pt x 795.00201pt.
File: Data-Engineering-Cookbook.pdf Graphic file (type pdf)
<use Data-Engineering-Cookbook.pdf, page 2>
Package pdftex.def Info: Data-Engineering-Cookbook.pdf , page2 used on input li
ne 4.
(pdftex.def)             Requested size: 562.12285pt x 795.00201pt.
File: Data-Engineering-Cookbook.pdf Graphic file (type pdf)
<use Data-Engineering-Cookbook.pdf, page 2>
Package pdftex.def Info: Data-Engineering-Cookbook.pdf , page2 used on input li
ne 4.
(pdftex.def)             Requested size: 562.12285pt x 795.00201pt.
File: Data-Engineering-Cookbook.pdf Graphic file (type pdf)
<use Data-Engineering-Cookbook.pdf, page 2>
Package pdftex.def Info: Data-Engineering-Cookbook.pdf , page2 used on input li
ne 4.
(pdftex.def)             Requested size: 562.12285pt x 795.00201pt.
 [1

 <./Data-Engineering-Cookbook.pdf{/usr/local/texlive/2018/texmf-var/fonts/map/p
dftex/updmap/pdftex.map}>]
<Data-Engineering-Cookbook.pdf, id=21, page=3, 597.50829pt x 845.0471pt>
File: Data-Engineering-Cookbook.pdf Graphic file (type pdf)
<use Data-Engineering-Cookbook.pdf, page 3>
Package pdftex.def Info: Data-Engineering-Cookbook.pdf , page3 used on input li
ne 4.
(pdftex.def)             Requested size: 562.12285pt x 795.00201pt.
File: Data-Engineering-Cookbook.pdf Graphic file (type pdf)
<use Data-Engineering-Cookbook.pdf, page 3>
Package pdftex.def Info: Data-Engineering-Cookbook.pdf , page3 used on input li
ne 4.
(pdftex.def)             Requested size: 562.12285pt x 795.00201pt.
File: Data-Engineering-Cookbook.pdf Graphic file (type pdf)
<use Data-Engineering-Cookbook.pdf, page 3>
Package pdftex.def Info: Data-Engineering-Cookbook.pdf , page3 used on input li
ne 4.
(pdftex.def)             Requested size: 562.12285pt x 795.00201pt.
 [2 <./Data-Engineering-Cookbook.pdf>]
<Data-Engineering-Cookbook.pdf, id=25, page=4, 597.50829pt x 845.0471pt>
File: Data-Engineering-Cookbook.pdf Graphic file (type pdf)
<use Data-Engineering-Cookbook.pdf, page 4>
Package pdftex.def Info: Data-Engineering-Cookbook.pdf , page4 used on input li
ne 4.
(pdftex.def)             Requested size: 562.12285pt x 795.00201pt.
File: Data-Engineering-Cookbook.pdf Graphic file (type pdf)
<use Data-Engineering-Cookbook.pdf, page 4>
Package pdftex.def Info: Data-Engineering-Cookbook.pdf , page4 used on input li
ne 4.
(pdftex.def)             Requested size: 562.12285pt x 795.00201pt.
File: Data-Engineering-Cookbook.pdf Graphic file (type pdf)
<use Data-Engineering-Cookbook.pdf, page 4>
Package pdftex.def Info: Data-Engineering-Cookbook.pdf , page4 used on input li
ne 4.
(pdftex.def)             Requested size: 562.12285pt x 795.00201pt.
 [3 <./Data-Engineering-Cookbook.pdf>]
<Data-Engineering-Cookbook.pdf, id=29, page=5, 597.50829pt x 845.0471pt>
File: Data-Engineering-Cookbook.pdf Graphic file (type pdf)
<use Data-Engineering-Cookbook.pdf, page 5>
Package pdftex.def Info: Data-Engineering-Cookbook.pdf , page5 used on input li
ne 4.
(pdftex.def)             Requested size: 562.12285pt x 795.00201pt.
File: Data-Engineering-Cookbook.pdf Graphic file (type pdf)
<use Data-Engineering-Cookbook.pdf, page 5>
Package pdftex.def Info: Data-Engineering-Cookbook.pdf , page5 used on input li
ne 4.
(pdftex.def)             Requested size: 562.12285pt x 795.00201pt.
File: Data-Engineering-Cookbook.pdf Graphic file (type pdf)
<use Data-Engineering-Cookbook.pdf, page 5>
Package pdftex.def Info: Data-Engineering-Cookbook.pdf , page5 used on input li
ne 4.
(pdftex.def)             Requested size: 562.12285pt x 795.00201pt.
 [4 <./Data-Engineering-Cookbook.pdf>] (./Previewmaker.aux) ) 
Here is how much of TeX's memory you used:
 2736 strings out of 492649
 40332 string characters out of 6129621
 107751 words of memory out of 5000000
 6599 multiletter control sequences out of 15000+600000
 3640 words of font info for 14 fonts, out of 8000000 for 9000
 1141 hyphenation exceptions out of 8191
 41i,18n,46p,279b,428s stack positions out of 5000i,500n,10000p,200000b,80000s
</usr/local/texliv
e/2018/texmf-dist/fonts/type1/public/amsfonts/cm/cmbx12.pfb></usr/local/texlive
/2018/texmf-dist/fonts/type1/public/amsfonts/cm/cmr12.pfb>
Output written on Previewmaker.pdf (4 pages, 52798 bytes).
PDF statistics:
 37 PDF objects out of 1000 (max. 8388607)
 21 compressed objects within 1 object stream
 0 named destinations out of 1000 (max. 500000)
 36 words of extra memory for PDF output out of 10000 (max. 10000000)

